[0;36mI 09-24 16:33:35[0m '', '::1', 'Mozilla/5.0 (Macintosh; Intel Mac OS X 10.14; rv:69.0) Gecko/20100101 Firefox/69.0', U: '/vfs_hr_dev/dashboard/login', R: 'http://localhost/vfs_hr_dev/dashboard/login', Cache created - user id is NOT set, was fetching for user 37 
[0;36mI 09-24 16:33:38[0m '', '::1', 'Mozilla/5.0 (Macintosh; Intel Mac OS X 10.14; rv:69.0) Gecko/20100101 Firefox/69.0', U: '/vfs_hr_dev/dashboard', R: 'http://localhost/vfs_hr_dev/dashboard/login', Cache created - user id is NOT set, was fetching for user 37 
[0;36mI 09-24 16:33:45[0m '', '::1', 'Mozilla/5.0 (Macintosh; Intel Mac OS X 10.14; rv:69.0) Gecko/20100101 Firefox/69.0', U: '/vfs_hr_dev/dashboard/users', R: 'http://localhost/vfs_hr_dev/dashboard', Cache created - user id is NOT set, was fetching for user 37 
[0;36mI 09-25 13:18:36[0m '', '::1', 'Mozilla/5.0 (Macintosh; Intel Mac OS X 10.14; rv:69.0) Gecko/20100101 Firefox/69.0', U: '/vfs_hr_dev/dashboard/login', R: 'http://localhost/vfs_hr_dev/dashboard/login', Cache created - user id is NOT set, was fetching for user 37 
[0;36mI 09-25 13:18:39[0m '', '::1', 'Mozilla/5.0 (Macintosh; Intel Mac OS X 10.14; rv:69.0) Gecko/20100101 Firefox/69.0', U: '/vfs_hr_dev/dashboard', R: 'http://localhost/vfs_hr_dev/dashboard/login', Cache created - user id is NOT set, was fetching for user 37 
[0;36mI 09-25 13:18:44[0m '', '::1', 'Mozilla/5.0 (Macintosh; Intel Mac OS X 10.14; rv:69.0) Gecko/20100101 Firefox/69.0', U: '/vfs_hr_dev/dashboard/users', R: 'http://localhost/vfs_hr_dev/dashboard', Cache created - user id is NOT set, was fetching for user 37 
[0;36mI 09-25 13:18:51[0m '', '::1', 'Mozilla/5.0 (Macintosh; Intel Mac OS X 10.14; rv:69.0) Gecko/20100101 Firefox/69.0', U: '/vfs_hr_dev/dashboard/leads', R: 'http://localhost/vfs_hr_dev/dashboard', Cache created - user id is NOT set, was fetching for user 37 
[0;36mI 09-25 13:19:04[0m '', '::1', 'Mozilla/5.0 (Macintosh; Intel Mac OS X 10.14; rv:69.0) Gecko/20100101 Firefox/69.0', U: '/vfs_hr_dev/dashboard/edit_lead/0', R: 'http://localhost/vfs_hr_dev/dashboard/leads', Cache created - user id is NOT set, was fetching for user 37 
[0;36mI 09-25 13:19:18[0m '', '::1', 'Mozilla/5.0 (Macintosh; Intel Mac OS X 10.14; rv:69.0) Gecko/20100101 Firefox/69.0', U: '/vfs_hr_dev/dashboard/leads', R: 'http://localhost/vfs_hr_dev/dashboard/edit_lead/0', Cache created - user id is NOT set, was fetching for user 37 
[0;36mI 09-25 13:19:38[0m '', '::1', 'Mozilla/5.0 (Macintosh; Intel Mac OS X 10.14; rv:69.0) Gecko/20100101 Firefox/69.0', U: '/vfs_hr_dev/dashboard/leads?startDate=&endDate=&csv=0', R: 'http://localhost/vfs_hr_dev/dashboard/leads', Cache created - user id is NOT set, was fetching for user 37 
[0;36mI 09-25 13:19:51[0m '', '::1', 'Mozilla/5.0 (Macintosh; Intel Mac OS X 10.14; rv:69.0) Gecko/20100101 Firefox/69.0', U: '/vfs_hr_dev/dashboard/leads?startDate=&endDate=&csv=1', R: 'http://localhost/vfs_hr_dev/dashboard/leads?startDate=&endDate=&csv=0', Cache created - user id is NOT set, was fetching for user 37 
[0;36mI 09-25 13:32:01[0m '', '::1', 'Mozilla/5.0 (Macintosh; Intel Mac OS X 10.14; rv:69.0) Gecko/20100101 Firefox/69.0', U: '/vfs_hr_dev/dashboard/users', R: 'http://localhost/vfs_hr_dev/dashboard/leads?startDate=&endDate=&csv=0', Cache created - user id is NOT set, was fetching for user 37 
[0;36mI 09-25 13:32:19[0m '', '::1', 'Mozilla/5.0 (Macintosh; Intel Mac OS X 10.14; rv:69.0) Gecko/20100101 Firefox/69.0', U: '/vfs_hr_dev/dashboard/leavetypes', R: '', Cache created - user id is NOT set, was fetching for user 37 
[0;36mI 09-25 13:34:32[0m '', '::1', 'Mozilla/5.0 (Macintosh; Intel Mac OS X 10.14; rv:69.0) Gecko/20100101 Firefox/69.0', U: '/vfs_hr_dev/dashboard/leads', R: 'http://localhost/vfs_hr_dev/dashboard/leads?startDate=&endDate=&csv=0', Cache created - user id is NOT set, was fetching for user 37 
[0;36mI 09-25 13:34:54[0m '', '::1', 'Mozilla/5.0 (Macintosh; Intel Mac OS X 10.14; rv:69.0) Gecko/20100101 Firefox/69.0', U: '/vfs_hr_dev/dashboard/edit_lead/0', R: 'http://localhost/vfs_hr_dev/dashboard/leads', Cache created - user id is NOT set, was fetching for user 37 
[0;36mI 09-25 13:38:47[0m '', '::1', 'Mozilla/5.0 (Macintosh; Intel Mac OS X 10.14; rv:69.0) Gecko/20100101 Firefox/69.0', U: '/vfs_hr_dev/dashboard/edit_leave_type/0', R: '', Cache created - user id is NOT set, was fetching for user 37 
[0;36mI 09-25 14:03:47[0m '', '::1', 'Mozilla/5.0 (Macintosh; Intel Mac OS X 10.14; rv:69.0) Gecko/20100101 Firefox/69.0', U: '/vfs_hr_dev/dashboard/edit_leave_type/0', R: '', Cache created - user id is NOT set, was fetching for user 37 
[0;36mI 09-25 14:04:16[0m '', '::1', 'Mozilla/5.0 (Macintosh; Intel Mac OS X 10.14; rv:69.0) Gecko/20100101 Firefox/69.0', U: '/vfs_hr_dev/dashboard/edit_lead/0', R: 'http://localhost/vfs_hr_dev/dashboard/edit_leave_type/0', Cache created - user id is NOT set, was fetching for user 37 
[0;36mI 09-25 14:10:39[0m '', '::1', 'Mozilla/5.0 (Macintosh; Intel Mac OS X 10.14; rv:69.0) Gecko/20100101 Firefox/69.0', U: '/vfs_hr_dev/dashboard/users', R: 'http://localhost/vfs_hr_dev/dashboard/edit_leave_type/0', Cache created - userData is NULL 37 
[0;36mI 09-25 14:10:39[0m '', '::1', 'Mozilla/5.0 (Macintosh; Intel Mac OS X 10.14; rv:69.0) Gecko/20100101 Firefox/69.0', U: '/vfs_hr_dev/dashboard/users', R: 'http://localhost/vfs_hr_dev/dashboard/edit_leave_type/0', Cache created - userData is false 37 
[0;36mI 09-25 14:10:39[0m '', '::1', 'Mozilla/5.0 (Macintosh; Intel Mac OS X 10.14; rv:69.0) Gecko/20100101 Firefox/69.0', U: '/vfs_hr_dev/dashboard/users', R: 'http://localhost/vfs_hr_dev/dashboard/edit_leave_type/0', Cache created - user id is NOT set, was fetching for user 37 
[0;36mI 09-25 14:38:19[0m '', '::1', 'Mozilla/5.0 (Macintosh; Intel Mac OS X 10.14; rv:69.0) Gecko/20100101 Firefox/69.0', U: '/vfs_hr_dev/dashboard/edit_leave_type/0', R: '', Cache created - user id is NOT set, was fetching for user 37 
[0;36mI 09-25 14:49:34[0m '', '::1', 'Mozilla/5.0 (Macintosh; Intel Mac OS X 10.14; rv:69.0) Gecko/20100101 Firefox/69.0', U: '/vfs_hr_dev/dashboard/edit_leave_type/0', R: '', Cache created - user id is NOT set, was fetching for user 37 
[0;36mI 09-25 14:58:28[0m '', '::1', 'Mozilla/5.0 (Macintosh; Intel Mac OS X 10.14; rv:69.0) Gecko/20100101 Firefox/69.0', U: '/vfs_hr_dev/dashboard/edit_leave_type/0', R: '', Cache created - user id is NOT set, was fetching for user 37 
[0;36mI 09-25 14:58:49[0m '', '::1', 'Mozilla/5.0 (Macintosh; Intel Mac OS X 10.14; rv:69.0) Gecko/20100101 Firefox/69.0', U: '/vfs_hr_dev/dashboard/edit_leave_type/0', R: '', Cache created - user id is NOT set, was fetching for user 37 
[0;36mI 09-25 14:59:56[0m '', '::1', 'Mozilla/5.0 (Macintosh; Intel Mac OS X 10.14; rv:69.0) Gecko/20100101 Firefox/69.0', U: '/vfs_hr_dev/dashboard/edit_leave_type/0', R: '', Cache created - user id is NOT set, was fetching for user 37 
[0;36mI 09-25 15:04:46[0m '', '::1', 'Mozilla/5.0 (Macintosh; Intel Mac OS X 10.14; rv:69.0) Gecko/20100101 Firefox/69.0', U: '/vfs_hr_dev/dashboard/edit_leave_type/0', R: '', Cache created - user id is NOT set, was fetching for user 37 
[0;36mI 09-25 15:05:02[0m '', '::1', 'Mozilla/5.0 (Macintosh; Intel Mac OS X 10.14; rv:69.0) Gecko/20100101 Firefox/69.0', U: '/vfs_hr_dev/dashboard/edit_leave_type/0', R: '', Cache created - user id is NOT set, was fetching for user 37 
[0;36mI 09-25 15:17:12[0m '', '::1', 'Mozilla/5.0 (Macintosh; Intel Mac OS X 10.14; rv:69.0) Gecko/20100101 Firefox/69.0', U: '/vfs_hr_dev/dashboard/edit_leave_type/0', R: '', Cache created - user id is NOT set, was fetching for user 37 
[0;36mI 09-25 15:18:11[0m '', '::1', 'Mozilla/5.0 (Macintosh; Intel Mac OS X 10.14; rv:69.0) Gecko/20100101 Firefox/69.0', U: '/vfs_hr_dev/dashboard/edit_leave_type/0', R: '', Cache created - user id is NOT set, was fetching for user 37 
[0;36mI 09-25 15:18:16[0m '', '::1', 'Mozilla/5.0 (Macintosh; Intel Mac OS X 10.14; rv:69.0) Gecko/20100101 Firefox/69.0', U: '/vfs_hr_dev/dashboard/edit_leave_type/0', R: '', Cache created - user id is NOT set, was fetching for user 37 
[0;36mI 09-25 15:18:24[0m '', '::1', 'Mozilla/5.0 (Macintosh; Intel Mac OS X 10.14; rv:69.0) Gecko/20100101 Firefox/69.0', U: '/vfs_hr_dev/dashboard/edit_leave_type/1', R: '', Cache created - user id is NOT set, was fetching for user 37 
[0;36mI 09-25 15:19:32[0m '', '::1', 'Mozilla/5.0 (Macintosh; Intel Mac OS X 10.14; rv:69.0) Gecko/20100101 Firefox/69.0', U: '/vfs_hr_dev/dashboard/edit_leave_type/1', R: '', Cache created - user id is NOT set, was fetching for user 37 
[0;36mI 09-25 15:19:59[0m '', '::1', 'Mozilla/5.0 (Macintosh; Intel Mac OS X 10.14; rv:69.0) Gecko/20100101 Firefox/69.0', U: '/vfs_hr_dev/dashboard/edit_leave_type/1', R: '', Cache created - user id is NOT set, was fetching for user 37 
[0;36mI 09-25 15:20:34[0m '', '::1', 'Mozilla/5.0 (Macintosh; Intel Mac OS X 10.14; rv:69.0) Gecko/20100101 Firefox/69.0', U: '/vfs_hr_dev/dashboard/edit_leave_type/1', R: '', Cache created - user id is NOT set, was fetching for user 37 
[0;36mI 09-25 15:21:37[0m '', '::1', 'Mozilla/5.0 (Macintosh; Intel Mac OS X 10.14; rv:69.0) Gecko/20100101 Firefox/69.0', U: '/vfs_hr_dev/dashboard/edit_leave_type/1', R: '', Cache created - user id is NOT set, was fetching for user 37 
[0;36mI 09-25 15:22:49[0m '', '::1', 'Mozilla/5.0 (Macintosh; Intel Mac OS X 10.14; rv:69.0) Gecko/20100101 Firefox/69.0', U: '/vfs_hr_dev/dashboard/edit_leave_type/1', R: '', Cache created - user id is NOT set, was fetching for user 37 
[0;36mI 09-25 15:28:16[0m '', '::1', 'Mozilla/5.0 (Macintosh; Intel Mac OS X 10.14; rv:69.0) Gecko/20100101 Firefox/69.0', U: '/vfs_hr_dev/dashboard/edit_leave_type/1', R: '', Cache created - user id is NOT set, was fetching for user 37 
[0;36mI 09-25 15:28:35[0m '', '::1', 'Mozilla/5.0 (Macintosh; Intel Mac OS X 10.14; rv:69.0) Gecko/20100101 Firefox/69.0', U: '/vfs_hr_dev/dashboard/edit_leave_type/1', R: '', Cache created - user id is NOT set, was fetching for user 37 
[0;36mI 09-25 15:31:20[0m '', '::1', 'Mozilla/5.0 (Macintosh; Intel Mac OS X 10.14; rv:69.0) Gecko/20100101 Firefox/69.0', U: '/vfs_hr_dev/dashboard/edit_leave_type/1', R: '', Cache created - user id is NOT set, was fetching for user 37 
[0;36mI 09-25 15:32:05[0m '', '::1', 'Mozilla/5.0 (Macintosh; Intel Mac OS X 10.14; rv:69.0) Gecko/20100101 Firefox/69.0', U: '/vfs_hr_dev/dashboard/edit_leave_type/1', R: '', Cache created - user id is NOT set, was fetching for user 37 
[0;36mI 09-25 15:32:44[0m '', '::1', 'Mozilla/5.0 (Macintosh; Intel Mac OS X 10.14; rv:69.0) Gecko/20100101 Firefox/69.0', U: '/vfs_hr_dev/dashboard/edit_leave_type/1', R: '', Cache created - user id is NOT set, was fetching for user 37 
[0;36mI 09-25 15:33:58[0m '', '::1', 'Mozilla/5.0 (Macintosh; Intel Mac OS X 10.14; rv:69.0) Gecko/20100101 Firefox/69.0', U: '/vfs_hr_dev/dashboard/edit_leave_type/1', R: '', Cache created - user id is NOT set, was fetching for user 37 
[0;36mI 09-25 15:40:20[0m '', '::1', 'Mozilla/5.0 (Macintosh; Intel Mac OS X 10.14; rv:69.0) Gecko/20100101 Firefox/69.0', U: '/vfs_hr_dev/dashboard/edit_leave_type/1', R: '', Cache created - user id is NOT set, was fetching for user 37 
[0;36mI 09-25 15:40:55[0m '', '::1', 'Mozilla/5.0 (Macintosh; Intel Mac OS X 10.14; rv:69.0) Gecko/20100101 Firefox/69.0', U: '/vfs_hr_dev/dashboard/edit_leave_type/1', R: '', Cache created - user id is NOT set, was fetching for user 37 
[0;36mI 09-25 15:41:00[0m '', '::1', 'Mozilla/5.0 (Macintosh; Intel Mac OS X 10.14; rv:69.0) Gecko/20100101 Firefox/69.0', U: '/vfs_hr_dev/dashboard/edit_leave_type/1', R: '', Cache created - user id is NOT set, was fetching for user 37 
[0;36mI 09-25 15:41:29[0m '', '::1', 'Mozilla/5.0 (Macintosh; Intel Mac OS X 10.14; rv:69.0) Gecko/20100101 Firefox/69.0', U: '/vfs_hr_dev/dashboard/edit_leave_type/1', R: '', Cache created - user id is NOT set, was fetching for user 37 
[0;36mI 09-25 15:43:12[0m '', '::1', 'Mozilla/5.0 (Macintosh; Intel Mac OS X 10.14; rv:69.0) Gecko/20100101 Firefox/69.0', U: '/vfs_hr_dev/dashboard/edit_leave_type/1', R: '', Cache created - user id is NOT set, was fetching for user 37 
[0;36mI 09-25 15:43:34[0m '', '::1', 'Mozilla/5.0 (Macintosh; Intel Mac OS X 10.14; rv:69.0) Gecko/20100101 Firefox/69.0', U: '/vfs_hr_dev/dashboard/edit_leave_type/1', R: '', Cache created - user id is NOT set, was fetching for user 37 
[0;36mI 09-25 15:45:43[0m '', '::1', 'Mozilla/5.0 (Macintosh; Intel Mac OS X 10.14; rv:69.0) Gecko/20100101 Firefox/69.0', U: '/vfs_hr_dev/dashboard/edit_leave_type/1', R: '', Cache created - user id is NOT set, was fetching for user 37 
[0;36mI 09-25 15:46:01[0m '', '::1', 'Mozilla/5.0 (Macintosh; Intel Mac OS X 10.14; rv:69.0) Gecko/20100101 Firefox/69.0', U: '/vfs_hr_dev/dashboard/edit_leave_type/1', R: '', Cache created - user id is NOT set, was fetching for user 37 
[0;36mI 09-25 15:53:52[0m '', '::1', 'Mozilla/5.0 (Macintosh; Intel Mac OS X 10.14; rv:69.0) Gecko/20100101 Firefox/69.0', U: '/vfs_hr_dev/dashboard/edit_leave_type/1', R: '', Cache created - user id is NOT set, was fetching for user 37 
[0;36mI 09-25 15:55:51[0m '', '::1', 'Mozilla/5.0 (Macintosh; Intel Mac OS X 10.14; rv:69.0) Gecko/20100101 Firefox/69.0', U: '/vfs_hr_dev/dashboard/edit_leave_type/1', R: '', Cache created - user id is NOT set, was fetching for user 37 
[0;36mI 09-25 15:55:55[0m '', '::1', 'Mozilla/5.0 (Macintosh; Intel Mac OS X 10.14; rv:69.0) Gecko/20100101 Firefox/69.0', U: '/vfs_hr_dev/dashboard/edit_leave_type/1', R: '', Cache created - user id is NOT set, was fetching for user 37 
[0;36mI 09-25 15:56:04[0m '', '::1', 'Mozilla/5.0 (Macintosh; Intel Mac OS X 10.14; rv:69.0) Gecko/20100101 Firefox/69.0', U: '/vfs_hr_dev/dashboard/edit_lead/1', R: '', Cache created - user id is NOT set, was fetching for user 37 
[0;36mI 09-25 15:56:23[0m '', '::1', 'Mozilla/5.0 (Macintosh; Intel Mac OS X 10.14; rv:69.0) Gecko/20100101 Firefox/69.0', U: '/vfs_hr_dev/dashboard', R: '', Cache created - user id is NOT set, was fetching for user 37 
[0;36mI 09-25 15:56:29[0m '', '::1', 'Mozilla/5.0 (Macintosh; Intel Mac OS X 10.14; rv:69.0) Gecko/20100101 Firefox/69.0', U: '/vfs_hr_dev/dashboard/leads', R: 'http://localhost/vfs_hr_dev/dashboard', Cache created - user id is NOT set, was fetching for user 37 
[0;36mI 09-25 16:03:30[0m '', '::1', 'Mozilla/5.0 (Macintosh; Intel Mac OS X 10.14; rv:69.0) Gecko/20100101 Firefox/69.0', U: '/vfs_hr_dev/dashboard/leave_types', R: '', Cache created - user id is NOT set, was fetching for user 37 
[0;36mI 09-25 16:04:44[0m '', '::1', 'Mozilla/5.0 (Macintosh; Intel Mac OS X 10.14; rv:69.0) Gecko/20100101 Firefox/69.0', U: '/vfs_hr_dev/dashboard/leave_types', R: '', Cache created - user id is NOT set, was fetching for user 37 
[0;36mI 09-25 16:05:56[0m '', '::1', 'Mozilla/5.0 (Macintosh; Intel Mac OS X 10.14; rv:69.0) Gecko/20100101 Firefox/69.0', U: '/vfs_hr_dev/dashboard/leave_types', R: '', Cache created - user id is NOT set, was fetching for user 37 
[0;36mI 09-25 16:07:03[0m '', '::1', 'Mozilla/5.0 (Macintosh; Intel Mac OS X 10.14; rv:69.0) Gecko/20100101 Firefox/69.0', U: '/vfs_hr_dev/dashboard/leave_types', R: '', Cache created - user id is NOT set, was fetching for user 37 
[0;36mI 09-25 16:08:16[0m '', '::1', 'Mozilla/5.0 (Macintosh; Intel Mac OS X 10.14; rv:69.0) Gecko/20100101 Firefox/69.0', U: '/vfs_hr_dev/dashboard/leades', R: '', Cache created - user id is NOT set, was fetching for user 37 
[0;36mI 09-25 16:08:20[0m '', '::1', 'Mozilla/5.0 (Macintosh; Intel Mac OS X 10.14; rv:69.0) Gecko/20100101 Firefox/69.0', U: '/vfs_hr_dev/dashboard/leads', R: '', Cache created - user id is NOT set, was fetching for user 37 
[0;36mI 09-25 16:11:52[0m '', '::1', 'Mozilla/5.0 (Macintosh; Intel Mac OS X 10.14; rv:69.0) Gecko/20100101 Firefox/69.0', U: '/vfs_hr_dev/dashboard/leave_types', R: '', Cache created - user id is NOT set, was fetching for user 37 
[0;36mI 09-25 16:12:40[0m '', '::1', 'Mozilla/5.0 (Macintosh; Intel Mac OS X 10.14; rv:69.0) Gecko/20100101 Firefox/69.0', U: '/vfs_hr_dev/dashboard/leave_types', R: '', Cache created - user id is NOT set, was fetching for user 37 
[0;36mI 09-25 16:22:40[0m '', '::1', 'Mozilla/5.0 (Macintosh; Intel Mac OS X 10.14; rv:69.0) Gecko/20100101 Firefox/69.0', U: '/vfs_hr_dev/dashboard/leave_types', R: '', Cache created - user id is NOT set, was fetching for user 37 
[0;36mI 09-25 16:23:18[0m '', '::1', 'Mozilla/5.0 (Macintosh; Intel Mac OS X 10.14; rv:69.0) Gecko/20100101 Firefox/69.0', U: '/vfs_hr_dev/dashboard/leave_types', R: '', Cache created - user id is NOT set, was fetching for user 37 
[0;36mI 09-25 16:24:07[0m '', '::1', 'Mozilla/5.0 (Macintosh; Intel Mac OS X 10.14; rv:69.0) Gecko/20100101 Firefox/69.0', U: '/vfs_hr_dev/dashboard/leave_types', R: '', Cache created - user id is NOT set, was fetching for user 37 
[0;36mI 09-25 16:27:07[0m '', '::1', 'Mozilla/5.0 (Macintosh; Intel Mac OS X 10.14; rv:69.0) Gecko/20100101 Firefox/69.0', U: '/vfs_hr_dev/dashboard/leave_types', R: '', Cache created - user id is NOT set, was fetching for user 37 
[0;36mI 09-25 16:28:25[0m '', '::1', 'Mozilla/5.0 (Macintosh; Intel Mac OS X 10.14; rv:69.0) Gecko/20100101 Firefox/69.0', U: '/vfs_hr_dev/dashboard/leave_types', R: '', Cache created - user id is NOT set, was fetching for user 37 
[0;36mI 09-25 16:31:46[0m '', '::1', 'Mozilla/5.0 (Macintosh; Intel Mac OS X 10.14; rv:69.0) Gecko/20100101 Firefox/69.0', U: '/vfs_hr_dev/dashboard/leave_types', R: '', Cache created - user id is NOT set, was fetching for user 37 
[0;36mI 09-25 16:37:59[0m '', '::1', 'Mozilla/5.0 (Macintosh; Intel Mac OS X 10.14; rv:69.0) Gecko/20100101 Firefox/69.0', U: '/vfs_hr_dev/dashboard/leave_types', R: '', Cache created - user id is NOT set, was fetching for user 37 
[0;36mI 09-25 16:38:45[0m '', '::1', 'Mozilla/5.0 (Macintosh; Intel Mac OS X 10.14; rv:69.0) Gecko/20100101 Firefox/69.0', U: '/vfs_hr_dev/dashboard/leave_types', R: '', Cache created - user id is NOT set, was fetching for user 37 
[0;36mI 09-25 16:50:33[0m '', '::1', 'Mozilla/5.0 (Macintosh; Intel Mac OS X 10.14; rv:69.0) Gecko/20100101 Firefox/69.0', U: '/vfs_hr_dev/dashboard/leave_types', R: '', Cache created - user id is NOT set, was fetching for user 37 
[0;36mI 09-25 16:52:58[0m '', '::1', 'Mozilla/5.0 (Macintosh; Intel Mac OS X 10.14; rv:69.0) Gecko/20100101 Firefox/69.0', U: '/vfs_hr_dev/dashboard/leave_types', R: '', Cache created - user id is NOT set, was fetching for user 37 
[0;36mI 09-25 16:53:42[0m '', '::1', 'Mozilla/5.0 (Macintosh; Intel Mac OS X 10.14; rv:69.0) Gecko/20100101 Firefox/69.0', U: '/vfs_hr_dev/dashboard/leave_types', R: '', Cache created - user id is NOT set, was fetching for user 37 
[0;36mI 09-25 16:53:50[0m '', '::1', 'Mozilla/5.0 (Macintosh; Intel Mac OS X 10.14; rv:69.0) Gecko/20100101 Firefox/69.0', U: '/vfs_hr_dev/dashboard/deleteLeaveType/6', R: 'http://localhost/vfs_hr_dev/dashboard/leave_types', Cache created - user id is NOT set, was fetching for user 37 
